{"contracts/Marketplace.sol":{"l":{"21":2,"22":1,"26":13,"30":16,"31":15,"32":14,"34":12,"35":12,"36":12},"path":"/home/jo/Documents/dev/TUES/diplomna/Web3Marketplace/hardhat/contracts/Marketplace.sol","s":{"1":2,"2":1,"3":13,"4":16,"5":15,"6":14,"7":12,"8":12,"9":12},"b":{"1":[1,1],"2":[15,1],"3":[14,1],"4":[12,2]},"f":{"1":2,"2":13,"3":16},"fnMap":{"1":{"name":"payAsMarket","line":20,"loc":{"start":{"line":20,"column":4},"end":{"line":23,"column":4}}},"2":{"name":"getMarketAddresses","line":25,"loc":{"start":{"line":25,"column":4},"end":{"line":27,"column":4}}},"3":{"name":"addContract","line":29,"loc":{"start":{"line":29,"column":4},"end":{"line":37,"column":4}}}},"statementMap":{"1":{"start":{"line":21,"column":8},"end":{"line":21,"column":85}},"2":{"start":{"line":22,"column":9},"end":{"line":22,"column":47}},"3":{"start":{"line":26,"column":8},"end":{"line":26,"column":30}},"4":{"start":{"line":30,"column":8},"end":{"line":30,"column":68}},"5":{"start":{"line":31,"column":8},"end":{"line":31,"column":69}},"6":{"start":{"line":32,"column":8},"end":{"line":32,"column":93}},"7":{"start":{"line":34,"column":8},"end":{"line":34,"column":94}},"8":{"start":{"line":35,"column":8},"end":{"line":35,"column":44}},"9":{"start":{"line":36,"column":8},"end":{"line":36,"column":21}}},"branchMap":{"1":{"line":21,"type":"if","locations":[{"start":{"line":21,"column":8},"end":{"line":21,"column":8}},{"start":{"line":21,"column":8},"end":{"line":21,"column":8}}]},"2":{"line":30,"type":"if","locations":[{"start":{"line":30,"column":8},"end":{"line":30,"column":8}},{"start":{"line":30,"column":8},"end":{"line":30,"column":8}}]},"3":{"line":31,"type":"if","locations":[{"start":{"line":31,"column":8},"end":{"line":31,"column":8}},{"start":{"line":31,"column":8},"end":{"line":31,"column":8}}]},"4":{"line":32,"type":"if","locations":[{"start":{"line":32,"column":8},"end":{"line":32,"column":8}},{"start":{"line":32,"column":8},"end":{"line":32,"column":8}}]}}},"contracts/SimpleSeller.sol":{"l":{"35":23,"40":25,"41":24,"42":23,"43":23,"44":23,"48":2,"52":2,"53":1,"57":0,"58":0,"62":0,"63":0,"64":0,"65":0,"66":0,"68":0,"69":0,"70":0,"71":0,"72":0,"73":0,"74":0,"80":2,"81":2,"82":1,"83":0,"84":0,"85":0,"86":0,"87":0,"88":0},"path":"/home/jo/Documents/dev/TUES/diplomna/Web3Marketplace/hardhat/contracts/SimpleSeller.sol","s":{"1":23,"2":25,"3":24,"4":23,"5":23,"6":23,"7":2,"8":2,"9":1,"10":0,"11":0,"12":0,"13":0,"14":0,"15":0,"16":0,"17":0,"18":0,"19":0,"20":0,"21":0,"22":0,"23":0,"24":2,"25":2,"26":1,"27":0,"28":0,"29":0,"30":0,"31":0,"32":0},"b":{"1":[24,1],"2":[23,1],"3":[1,1],"4":[0,0],"5":[0,0],"6":[0,0],"7":[0,0],"8":[0,0],"9":[0,0],"10":[1,1],"11":[0,1],"12":[0,0]},"f":{"1":23,"2":25,"3":2,"4":2,"5":0,"6":0,"7":2},"fnMap":{"1":{"name":"productInit","line":34,"loc":{"start":{"line":34,"column":4},"end":{"line":37,"column":4}}},"2":{"name":"addProduct","line":39,"loc":{"start":{"line":39,"column":4},"end":{"line":45,"column":4}}},"3":{"name":"getIndexesFromSellerAddress","line":47,"loc":{"start":{"line":47,"column":4},"end":{"line":49,"column":4}}},"4":{"name":"joinMarketplace","line":51,"loc":{"start":{"line":51,"column":4},"end":{"line":54,"column":4}}},"5":{"name":"transferFunds","line":56,"loc":{"start":{"line":56,"column":4},"end":{"line":59,"column":4}}},"6":{"name":"payProduct","line":61,"loc":{"start":{"line":61,"column":4},"end":{"line":77,"column":4}}},"7":{"name":"deliverProduct","line":79,"loc":{"start":{"line":79,"column":4},"end":{"line":89,"column":4}}}},"statementMap":{"1":{"start":{"line":35,"column":8},"end":{"line":35,"column":130}},"2":{"start":{"line":40,"column":8},"end":{"line":40,"column":65}},"3":{"start":{"line":41,"column":8},"end":{"line":41,"column":58}},"4":{"start":{"line":42,"column":8},"end":{"line":42,"column":78}},"5":{"start":{"line":43,"column":8},"end":{"line":43,"column":60}},"6":{"start":{"line":44,"column":8},"end":{"line":44,"column":22}},"7":{"start":{"line":48,"column":8},"end":{"line":48,"column":45}},"8":{"start":{"line":52,"column":8},"end":{"line":52,"column":66}},"9":{"start":{"line":53,"column":8},"end":{"line":53,"column":37}},"10":{"start":{"line":57,"column":8},"end":{"line":57,"column":77}},"11":{"start":{"line":58,"column":8},"end":{"line":58,"column":64}},"12":{"start":{"line":62,"column":8},"end":{"line":62,"column":43}},"13":{"start":{"line":63,"column":8},"end":{"line":63,"column":55}},"14":{"start":{"line":64,"column":8},"end":{"line":64,"column":54}},"15":{"start":{"line":65,"column":8},"end":{"line":65,"column":52}},"16":{"start":{"line":66,"column":8},"end":{"line":66,"column":73}},"17":{"start":{"line":68,"column":8},"end":{"line":68,"column":52}},"18":{"start":{"line":69,"column":8},"end":{"line":69,"column":18}},"19":{"start":{"line":70,"column":8},"end":{"line":70,"column":57}},"20":{"start":{"line":71,"column":8},"end":{"line":71,"column":53}},"21":{"start":{"line":72,"column":8},"end":{"line":72,"column":41}},"22":{"start":{"line":73,"column":8},"end":{"line":73,"column":2834}},"23":{"start":{"line":74,"column":12},"end":{"line":74,"column":58}},"24":{"start":{"line":80,"column":8},"end":{"line":80,"column":42}},"25":{"start":{"line":81,"column":8},"end":{"line":81,"column":55}},"26":{"start":{"line":82,"column":8},"end":{"line":82,"column":47}},"27":{"start":{"line":83,"column":8},"end":{"line":83,"column":62}},"28":{"start":{"line":84,"column":8},"end":{"line":84,"column":54}},"29":{"start":{"line":85,"column":8},"end":{"line":85,"column":46}},"30":{"start":{"line":86,"column":8},"end":{"line":86,"column":44}},"31":{"start":{"line":87,"column":8},"end":{"line":87,"column":37}},"32":{"start":{"line":88,"column":8},"end":{"line":88,"column":38}}},"branchMap":{"1":{"line":40,"type":"if","locations":[{"start":{"line":40,"column":8},"end":{"line":40,"column":8}},{"start":{"line":40,"column":8},"end":{"line":40,"column":8}}]},"2":{"line":41,"type":"if","locations":[{"start":{"line":41,"column":8},"end":{"line":41,"column":8}},{"start":{"line":41,"column":8},"end":{"line":41,"column":8}}]},"3":{"line":52,"type":"if","locations":[{"start":{"line":52,"column":8},"end":{"line":52,"column":8}},{"start":{"line":52,"column":8},"end":{"line":52,"column":8}}]},"4":{"line":57,"type":"if","locations":[{"start":{"line":57,"column":8},"end":{"line":57,"column":8}},{"start":{"line":57,"column":8},"end":{"line":57,"column":8}}]},"5":{"line":63,"type":"if","locations":[{"start":{"line":63,"column":8},"end":{"line":63,"column":8}},{"start":{"line":63,"column":8},"end":{"line":63,"column":8}}]},"6":{"line":64,"type":"if","locations":[{"start":{"line":64,"column":8},"end":{"line":64,"column":8}},{"start":{"line":64,"column":8},"end":{"line":64,"column":8}}]},"7":{"line":65,"type":"if","locations":[{"start":{"line":65,"column":8},"end":{"line":65,"column":8}},{"start":{"line":65,"column":8},"end":{"line":65,"column":8}}]},"8":{"line":66,"type":"if","locations":[{"start":{"line":66,"column":8},"end":{"line":66,"column":8}},{"start":{"line":66,"column":8},"end":{"line":66,"column":8}}]},"9":{"line":73,"type":"if","locations":[{"start":{"line":73,"column":8},"end":{"line":73,"column":8}},{"start":{"line":73,"column":8},"end":{"line":73,"column":8}}]},"10":{"line":81,"type":"if","locations":[{"start":{"line":81,"column":8},"end":{"line":81,"column":8}},{"start":{"line":81,"column":8},"end":{"line":81,"column":8}}]},"11":{"line":82,"type":"if","locations":[{"start":{"line":82,"column":8},"end":{"line":82,"column":8}},{"start":{"line":82,"column":8},"end":{"line":82,"column":8}}]},"12":{"line":83,"type":"if","locations":[{"start":{"line":83,"column":8},"end":{"line":83,"column":8}},{"start":{"line":83,"column":8},"end":{"line":83,"column":8}}]}}}}