{"contracts/AgoraToken.sol":{"l":{"14":94,"15":92,"20":3,"21":2,"22":1,"23":1,"27":23,"28":23,"32":23,"34":22,"45":23,"46":23,"47":22,"49":22,"54":31,"55":28,"56":27,"57":26,"58":25,"59":24,"61":23,"62":23,"63":22,"64":21,"65":21},"path":"/home/jo/Documents/dev/TUES/diplomna/Web3Marketplace/hardhat/contracts/AgoraToken.sol","s":{"1":94,"2":92,"3":3,"4":2,"5":1,"6":1,"7":23,"8":23,"9":23,"10":23,"11":23,"12":22,"13":22,"14":31,"15":28,"16":27,"17":26,"18":25,"19":24,"20":23,"21":23,"22":22,"23":21,"24":21},"b":{"1":[92,2],"2":[2,1],"3":[1,1],"4":[22,1],"5":[28,3],"6":[27,1],"7":[26,1],"8":[25,1],"9":[24,1],"10":[23,1],"11":[21,1]},"f":{"1":261,"2":94,"3":3,"4":23,"5":23,"6":23,"7":31},"fnMap":{"1":{"name":"constructor","line":10,"loc":{"start":{"line":10,"column":4},"end":{"line":12,"column":4}}},"2":{"name":"buyTokens","line":13,"loc":{"start":{"line":13,"column":4},"end":{"line":16,"column":4}}},"3":{"name":"sellTokens","line":19,"loc":{"start":{"line":19,"column":4},"end":{"line":24,"column":4}}},"4":{"name":"prefixed","line":26,"loc":{"start":{"line":26,"column":4},"end":{"line":29,"column":4}}},"5":{"name":"splitSignature","line":30,"loc":{"start":{"line":30,"column":4},"end":{"line":42,"column":4}}},"6":{"name":"getMsgSigner","line":44,"loc":{"start":{"line":44,"column":4},"end":{"line":50,"column":4}}},"7":{"name":"transactiWithSignature","line":52,"loc":{"start":{"line":52,"column":4},"end":{"line":66,"column":4}}}},"statementMap":{"1":{"start":{"line":14,"column":8},"end":{"line":14,"column":50}},"2":{"start":{"line":15,"column":8},"end":{"line":15,"column":35}},"3":{"start":{"line":20,"column":8},"end":{"line":20,"column":44}},"4":{"start":{"line":21,"column":8},"end":{"line":21,"column":94}},"5":{"start":{"line":22,"column":8},"end":{"line":22,"column":32}},"6":{"start":{"line":23,"column":8},"end":{"line":23,"column":43}},"7":{"start":{"line":27,"column":8},"end":{"line":27,"column":68}},"8":{"start":{"line":28,"column":8},"end":{"line":28,"column":67}},"9":{"start":{"line":32,"column":8},"end":{"line":32,"column":59}},"10":{"start":{"line":45,"column":8},"end":{"line":45,"column":62}},"11":{"start":{"line":46,"column":8},"end":{"line":46,"column":67}},"12":{"start":{"line":47,"column":8},"end":{"line":47,"column":64}},"13":{"start":{"line":49,"column":8},"end":{"line":49,"column":21}},"14":{"start":{"line":54,"column":8},"end":{"line":54,"column":62}},"15":{"start":{"line":55,"column":8},"end":{"line":55,"column":49}},"16":{"start":{"line":56,"column":8},"end":{"line":56,"column":46}},"17":{"start":{"line":57,"column":8},"end":{"line":57,"column":59}},"18":{"start":{"line":58,"column":8},"end":{"line":58,"column":55}},"19":{"start":{"line":59,"column":8},"end":{"line":59,"column":59}},"20":{"start":{"line":61,"column":8},"end":{"line":61,"column":86}},"21":{"start":{"line":62,"column":8},"end":{"line":62,"column":56}},"22":{"start":{"line":63,"column":8},"end":{"line":63,"column":71}},"23":{"start":{"line":64,"column":8},"end":{"line":64,"column":27}},"24":{"start":{"line":65,"column":8},"end":{"line":65,"column":35}}},"branchMap":{"1":{"line":14,"type":"if","locations":[{"start":{"line":14,"column":8},"end":{"line":14,"column":8}},{"start":{"line":14,"column":8},"end":{"line":14,"column":8}}]},"2":{"line":20,"type":"if","locations":[{"start":{"line":20,"column":8},"end":{"line":20,"column":8}},{"start":{"line":20,"column":8},"end":{"line":20,"column":8}}]},"3":{"line":21,"type":"if","locations":[{"start":{"line":21,"column":8},"end":{"line":21,"column":8}},{"start":{"line":21,"column":8},"end":{"line":21,"column":8}}]},"4":{"line":32,"type":"if","locations":[{"start":{"line":32,"column":8},"end":{"line":32,"column":8}},{"start":{"line":32,"column":8},"end":{"line":32,"column":8}}]},"5":{"line":54,"type":"if","locations":[{"start":{"line":54,"column":8},"end":{"line":54,"column":8}},{"start":{"line":54,"column":8},"end":{"line":54,"column":8}}]},"6":{"line":55,"type":"if","locations":[{"start":{"line":55,"column":8},"end":{"line":55,"column":8}},{"start":{"line":55,"column":8},"end":{"line":55,"column":8}}]},"7":{"line":56,"type":"if","locations":[{"start":{"line":56,"column":8},"end":{"line":56,"column":8}},{"start":{"line":56,"column":8},"end":{"line":56,"column":8}}]},"8":{"line":57,"type":"if","locations":[{"start":{"line":57,"column":8},"end":{"line":57,"column":8}},{"start":{"line":57,"column":8},"end":{"line":57,"column":8}}]},"9":{"line":58,"type":"if","locations":[{"start":{"line":58,"column":8},"end":{"line":58,"column":8}},{"start":{"line":58,"column":8},"end":{"line":58,"column":8}}]},"10":{"line":59,"type":"if","locations":[{"start":{"line":59,"column":8},"end":{"line":59,"column":8}},{"start":{"line":59,"column":8},"end":{"line":59,"column":8}}]},"11":{"line":63,"type":"if","locations":[{"start":{"line":63,"column":8},"end":{"line":63,"column":8}},{"start":{"line":63,"column":8},"end":{"line":63,"column":8}}]}}},"contracts/Marketplace.sol":{"l":{"23":36,"24":35,"28":12,"32":14,"33":13,"34":12,"36":10,"37":10,"38":10,"42":59,"43":58,"47":3},"path":"/home/jo/Documents/dev/TUES/diplomna/Web3Marketplace/hardhat/contracts/Marketplace.sol","s":{"1":36,"2":35,"3":12,"4":14,"5":13,"6":12,"7":10,"8":10,"9":10,"10":59,"11":58,"12":3},"b":{"1":[35,1],"2":[13,1],"3":[12,1],"4":[10,2],"5":[58,1]},"f":{"1":36,"2":12,"3":14,"4":59,"5":3},"fnMap":{"1":{"name":"setToken","line":22,"loc":{"start":{"line":22,"column":4},"end":{"line":25,"column":4}}},"2":{"name":"getMarketAddresses","line":27,"loc":{"start":{"line":27,"column":4},"end":{"line":29,"column":4}}},"3":{"name":"addContract","line":31,"loc":{"start":{"line":31,"column":4},"end":{"line":39,"column":4}}},"4":{"name":"addCourier","line":41,"loc":{"start":{"line":41,"column":4},"end":{"line":44,"column":4}}},"5":{"name":"removeCourier","line":46,"loc":{"start":{"line":46,"column":4},"end":{"line":48,"column":4}}}},"statementMap":{"1":{"start":{"line":23,"column":8},"end":{"line":23,"column":74}},"2":{"start":{"line":24,"column":8},"end":{"line":24,"column":25}},"3":{"start":{"line":28,"column":8},"end":{"line":28,"column":30}},"4":{"start":{"line":32,"column":8},"end":{"line":32,"column":68}},"5":{"start":{"line":33,"column":8},"end":{"line":33,"column":69}},"6":{"start":{"line":34,"column":8},"end":{"line":34,"column":93}},"7":{"start":{"line":36,"column":8},"end":{"line":36,"column":92}},"8":{"start":{"line":37,"column":8},"end":{"line":37,"column":44}},"9":{"start":{"line":38,"column":8},"end":{"line":38,"column":21}},"10":{"start":{"line":42,"column":8},"end":{"line":42,"column":60}},"11":{"start":{"line":43,"column":8},"end":{"line":43,"column":29}},"12":{"start":{"line":47,"column":8},"end":{"line":47,"column":30}}},"branchMap":{"1":{"line":23,"type":"if","locations":[{"start":{"line":23,"column":8},"end":{"line":23,"column":8}},{"start":{"line":23,"column":8},"end":{"line":23,"column":8}}]},"2":{"line":32,"type":"if","locations":[{"start":{"line":32,"column":8},"end":{"line":32,"column":8}},{"start":{"line":32,"column":8},"end":{"line":32,"column":8}}]},"3":{"line":33,"type":"if","locations":[{"start":{"line":33,"column":8},"end":{"line":33,"column":8}},{"start":{"line":33,"column":8},"end":{"line":33,"column":8}}]},"4":{"line":34,"type":"if","locations":[{"start":{"line":34,"column":8},"end":{"line":34,"column":8}},{"start":{"line":34,"column":8},"end":{"line":34,"column":8}}]},"5":{"line":42,"type":"if","locations":[{"start":{"line":42,"column":8},"end":{"line":42,"column":8}},{"start":{"line":42,"column":8},"end":{"line":42,"column":8}}]}}},"contracts/SimpleAuction.sol":{"l":{"48":41,"55":44,"56":43,"58":42,"60":41,"61":41,"62":41,"63":41,"68":2,"72":20,"73":19,"77":3,"78":2,"79":2,"80":1,"81":1,"85":21,"86":21,"87":20,"89":19,"90":18,"92":17,"93":16,"95":13,"96":12,"98":11,"100":11,"102":11,"104":10,"105":1,"106":1,"109":10,"110":10,"111":10,"113":10,"118":8,"119":8,"120":7,"121":6,"123":5,"125":4,"126":4,"127":4,"128":4,"129":4,"130":4},"path":"/home/jo/Documents/dev/TUES/diplomna/Web3Marketplace/hardhat/contracts/SimpleAuction.sol","s":{"1":41,"2":44,"3":43,"4":42,"5":41,"6":41,"7":41,"8":41,"9":2,"10":20,"11":19,"12":3,"13":2,"14":2,"15":1,"16":1,"17":21,"18":21,"19":20,"20":19,"21":18,"22":17,"23":16,"24":13,"25":12,"26":11,"27":11,"28":11,"29":10,"30":1,"31":1,"32":10,"33":10,"34":10,"35":10,"36":8,"37":8,"38":7,"39":6,"40":5,"41":4,"42":4,"43":4,"44":4,"45":4,"46":4},"b":{"1":[43,1],"2":[42,1],"3":[41,1],"4":[19,1],"5":[2,1],"6":[1,1],"7":[20,1],"8":[19,1],"9":[18,1],"10":[17,1],"11":[16,1],"12":[13,3],"13":[12,1],"14":[11,1],"15":[1,9],"16":[7,1],"17":[6,1],"18":[5,1],"19":[4,1]},"f":{"1":41,"2":44,"3":2,"4":20,"5":3,"6":21,"7":8},"fnMap":{"1":{"name":"productInit","line":41,"loc":{"start":{"line":41,"column":4},"end":{"line":52,"column":4}}},"2":{"name":"addProduct","line":54,"loc":{"start":{"line":54,"column":4},"end":{"line":65,"column":4}}},"3":{"name":"getIndexesFromSellerAddress","line":67,"loc":{"start":{"line":67,"column":4},"end":{"line":69,"column":4}}},"4":{"name":"joinMarketplace","line":71,"loc":{"start":{"line":71,"column":4},"end":{"line":74,"column":4}}},"5":{"name":"transferFunds","line":76,"loc":{"start":{"line":76,"column":4},"end":{"line":82,"column":4}}},"6":{"name":"bidForProduct","line":84,"loc":{"start":{"line":84,"column":4},"end":{"line":114,"column":4}}},"7":{"name":"deliverProduct","line":117,"loc":{"start":{"line":117,"column":4},"end":{"line":131,"column":4}}}},"statementMap":{"1":{"start":{"line":48,"column":12},"end":{"line":48,"column":1396}},"2":{"start":{"line":55,"column":8},"end":{"line":55,"column":65}},"3":{"start":{"line":56,"column":8},"end":{"line":56,"column":65}},"4":{"start":{"line":58,"column":8},"end":{"line":58,"column":73}},"5":{"start":{"line":60,"column":8},"end":{"line":60,"column":110}},"6":{"start":{"line":61,"column":8},"end":{"line":61,"column":60}},"7":{"start":{"line":62,"column":8},"end":{"line":62,"column":77}},"8":{"start":{"line":63,"column":8},"end":{"line":63,"column":22}},"9":{"start":{"line":68,"column":8},"end":{"line":68,"column":45}},"10":{"start":{"line":72,"column":8},"end":{"line":72,"column":75}},"11":{"start":{"line":73,"column":8},"end":{"line":73,"column":49}},"12":{"start":{"line":77,"column":8},"end":{"line":77,"column":86}},"13":{"start":{"line":78,"column":8},"end":{"line":78,"column":65}},"14":{"start":{"line":79,"column":8},"end":{"line":79,"column":84}},"15":{"start":{"line":80,"column":8},"end":{"line":80,"column":66}},"16":{"start":{"line":81,"column":8},"end":{"line":81,"column":26}},"17":{"start":{"line":85,"column":8},"end":{"line":85,"column":43}},"18":{"start":{"line":86,"column":8},"end":{"line":86,"column":55}},"19":{"start":{"line":87,"column":8},"end":{"line":87,"column":71}},"20":{"start":{"line":89,"column":8},"end":{"line":89,"column":60}},"21":{"start":{"line":90,"column":8},"end":{"line":90,"column":56}},"22":{"start":{"line":92,"column":8},"end":{"line":92,"column":74}},"23":{"start":{"line":93,"column":8},"end":{"line":93,"column":92}},"24":{"start":{"line":95,"column":8},"end":{"line":95,"column":70}},"25":{"start":{"line":96,"column":8},"end":{"line":96,"column":84}},"26":{"start":{"line":98,"column":8},"end":{"line":98,"column":52}},"27":{"start":{"line":100,"column":8},"end":{"line":100,"column":65}},"28":{"start":{"line":102,"column":8},"end":{"line":102,"column":83}},"29":{"start":{"line":104,"column":8},"end":{"line":104,"column":4280}},"30":{"start":{"line":105,"column":12},"end":{"line":105,"column":57}},"31":{"start":{"line":106,"column":12},"end":{"line":106,"column":54}},"32":{"start":{"line":109,"column":8},"end":{"line":109,"column":47}},"33":{"start":{"line":110,"column":8},"end":{"line":110,"column":25}},"34":{"start":{"line":111,"column":8},"end":{"line":111,"column":27}},"35":{"start":{"line":113,"column":8},"end":{"line":113,"column":51}},"36":{"start":{"line":118,"column":8},"end":{"line":118,"column":42}},"37":{"start":{"line":119,"column":8},"end":{"line":119,"column":55}},"38":{"start":{"line":120,"column":8},"end":{"line":120,"column":67}},"39":{"start":{"line":121,"column":8},"end":{"line":121,"column":62}},"40":{"start":{"line":123,"column":8},"end":{"line":123,"column":135}},"41":{"start":{"line":125,"column":8},"end":{"line":125,"column":69}},"42":{"start":{"line":126,"column":8},"end":{"line":126,"column":43}},"43":{"start":{"line":127,"column":8},"end":{"line":127,"column":53}},"44":{"start":{"line":128,"column":8},"end":{"line":128,"column":37}},"45":{"start":{"line":129,"column":8},"end":{"line":129,"column":68}},"46":{"start":{"line":130,"column":8},"end":{"line":130,"column":72}}},"branchMap":{"1":{"line":55,"type":"if","locations":[{"start":{"line":55,"column":8},"end":{"line":55,"column":8}},{"start":{"line":55,"column":8},"end":{"line":55,"column":8}}]},"2":{"line":56,"type":"if","locations":[{"start":{"line":56,"column":8},"end":{"line":56,"column":8}},{"start":{"line":56,"column":8},"end":{"line":56,"column":8}}]},"3":{"line":58,"type":"if","locations":[{"start":{"line":58,"column":8},"end":{"line":58,"column":8}},{"start":{"line":58,"column":8},"end":{"line":58,"column":8}}]},"4":{"line":72,"type":"if","locations":[{"start":{"line":72,"column":8},"end":{"line":72,"column":8}},{"start":{"line":72,"column":8},"end":{"line":72,"column":8}}]},"5":{"line":77,"type":"if","locations":[{"start":{"line":77,"column":8},"end":{"line":77,"column":8}},{"start":{"line":77,"column":8},"end":{"line":77,"column":8}}]},"6":{"line":79,"type":"if","locations":[{"start":{"line":79,"column":8},"end":{"line":79,"column":8}},{"start":{"line":79,"column":8},"end":{"line":79,"column":8}}]},"7":{"line":86,"type":"if","locations":[{"start":{"line":86,"column":8},"end":{"line":86,"column":8}},{"start":{"line":86,"column":8},"end":{"line":86,"column":8}}]},"8":{"line":87,"type":"if","locations":[{"start":{"line":87,"column":8},"end":{"line":87,"column":8}},{"start":{"line":87,"column":8},"end":{"line":87,"column":8}}]},"9":{"line":89,"type":"if","locations":[{"start":{"line":89,"column":8},"end":{"line":89,"column":8}},{"start":{"line":89,"column":8},"end":{"line":89,"column":8}}]},"10":{"line":90,"type":"if","locations":[{"start":{"line":90,"column":8},"end":{"line":90,"column":8}},{"start":{"line":90,"column":8},"end":{"line":90,"column":8}}]},"11":{"line":92,"type":"if","locations":[{"start":{"line":92,"column":8},"end":{"line":92,"column":8}},{"start":{"line":92,"column":8},"end":{"line":92,"column":8}}]},"12":{"line":93,"type":"if","locations":[{"start":{"line":93,"column":8},"end":{"line":93,"column":8}},{"start":{"line":93,"column":8},"end":{"line":93,"column":8}}]},"13":{"line":95,"type":"if","locations":[{"start":{"line":95,"column":8},"end":{"line":95,"column":8}},{"start":{"line":95,"column":8},"end":{"line":95,"column":8}}]},"14":{"line":96,"type":"if","locations":[{"start":{"line":96,"column":8},"end":{"line":96,"column":8}},{"start":{"line":96,"column":8},"end":{"line":96,"column":8}}]},"15":{"line":104,"type":"if","locations":[{"start":{"line":104,"column":8},"end":{"line":104,"column":8}},{"start":{"line":104,"column":8},"end":{"line":104,"column":8}}]},"16":{"line":119,"type":"if","locations":[{"start":{"line":119,"column":8},"end":{"line":119,"column":8}},{"start":{"line":119,"column":8},"end":{"line":119,"column":8}}]},"17":{"line":120,"type":"if","locations":[{"start":{"line":120,"column":8},"end":{"line":120,"column":8}},{"start":{"line":120,"column":8},"end":{"line":120,"column":8}}]},"18":{"line":121,"type":"if","locations":[{"start":{"line":121,"column":8},"end":{"line":121,"column":8}},{"start":{"line":121,"column":8},"end":{"line":121,"column":8}}]},"19":{"line":123,"type":"if","locations":[{"start":{"line":123,"column":8},"end":{"line":123,"column":8}},{"start":{"line":123,"column":8},"end":{"line":123,"column":8}}]}}},"contracts/SimpleSeller.sol":{"l":{"40":41,"45":43,"46":42,"47":41,"48":41,"49":41,"50":41,"54":2,"58":20,"59":19,"63":3,"65":2,"66":2,"67":1,"68":1,"72":16,"73":16,"74":15,"75":14,"76":13,"77":12,"78":11,"79":10,"81":9,"82":9,"83":9,"84":9,"85":9,"86":9,"87":9,"89":8,"90":1,"92":8,"98":8,"99":8,"100":7,"101":6,"103":5,"104":4,"105":4,"106":4,"107":4,"108":4,"109":4,"111":4},"path":"/home/jo/Documents/dev/TUES/diplomna/Web3Marketplace/hardhat/contracts/SimpleSeller.sol","s":{"1":41,"2":43,"3":42,"4":41,"5":41,"6":41,"7":41,"8":2,"9":20,"10":19,"11":3,"12":2,"13":2,"14":1,"15":1,"16":16,"17":16,"18":15,"19":14,"20":13,"21":12,"22":11,"23":10,"24":9,"25":9,"26":9,"27":9,"28":9,"29":9,"30":9,"31":8,"32":1,"33":8,"34":8,"35":8,"36":7,"37":6,"38":5,"39":4,"40":4,"41":4,"42":4,"43":4,"44":4,"45":4},"b":{"1":[42,1],"2":[41,1],"3":[19,1],"4":[2,1],"5":[1,1],"6":[15,1],"7":[14,1],"8":[13,1],"9":[12,1],"10":[11,1],"11":[10,1],"12":[9,1],"13":[1,7],"14":[7,1],"15":[6,1],"16":[5,1],"17":[4,1]},"f":{"1":41,"2":43,"3":2,"4":20,"5":3,"6":16,"7":8},"fnMap":{"1":{"name":"productInit","line":39,"loc":{"start":{"line":39,"column":4},"end":{"line":42,"column":4}}},"2":{"name":"addProduct","line":44,"loc":{"start":{"line":44,"column":4},"end":{"line":51,"column":4}}},"3":{"name":"getIndexesFromSellerAddress","line":53,"loc":{"start":{"line":53,"column":4},"end":{"line":55,"column":4}}},"4":{"name":"joinMarketplace","line":57,"loc":{"start":{"line":57,"column":4},"end":{"line":60,"column":4}}},"5":{"name":"transferFunds","line":62,"loc":{"start":{"line":62,"column":4},"end":{"line":69,"column":4}}},"6":{"name":"payProduct","line":71,"loc":{"start":{"line":71,"column":4},"end":{"line":95,"column":4}}},"7":{"name":"deliverProduct","line":97,"loc":{"start":{"line":97,"column":4},"end":{"line":112,"column":4}}}},"statementMap":{"1":{"start":{"line":40,"column":8},"end":{"line":40,"column":115}},"2":{"start":{"line":45,"column":8},"end":{"line":45,"column":65}},"3":{"start":{"line":46,"column":8},"end":{"line":46,"column":58}},"4":{"start":{"line":47,"column":8},"end":{"line":47,"column":78}},"5":{"start":{"line":48,"column":8},"end":{"line":48,"column":60}},"6":{"start":{"line":49,"column":8},"end":{"line":49,"column":67}},"7":{"start":{"line":50,"column":8},"end":{"line":50,"column":22}},"8":{"start":{"line":54,"column":8},"end":{"line":54,"column":45}},"9":{"start":{"line":58,"column":8},"end":{"line":58,"column":75}},"10":{"start":{"line":59,"column":8},"end":{"line":59,"column":49}},"11":{"start":{"line":63,"column":8},"end":{"line":63,"column":86}},"12":{"start":{"line":65,"column":8},"end":{"line":65,"column":65}},"13":{"start":{"line":66,"column":8},"end":{"line":66,"column":84}},"14":{"start":{"line":67,"column":8},"end":{"line":67,"column":66}},"15":{"start":{"line":68,"column":8},"end":{"line":68,"column":26}},"16":{"start":{"line":72,"column":8},"end":{"line":72,"column":43}},"17":{"start":{"line":73,"column":8},"end":{"line":73,"column":55}},"18":{"start":{"line":74,"column":8},"end":{"line":74,"column":54}},"19":{"start":{"line":75,"column":8},"end":{"line":75,"column":49}},"20":{"start":{"line":76,"column":8},"end":{"line":76,"column":74}},"21":{"start":{"line":77,"column":8},"end":{"line":77,"column":85}},"22":{"start":{"line":78,"column":8},"end":{"line":78,"column":70}},"23":{"start":{"line":79,"column":8},"end":{"line":79,"column":84}},"24":{"start":{"line":81,"column":8},"end":{"line":81,"column":52}},"25":{"start":{"line":82,"column":8},"end":{"line":82,"column":18}},"26":{"start":{"line":83,"column":8},"end":{"line":83,"column":59}},"27":{"start":{"line":84,"column":8},"end":{"line":84,"column":47}},"28":{"start":{"line":85,"column":8},"end":{"line":85,"column":35}},"29":{"start":{"line":86,"column":8},"end":{"line":86,"column":65}},"30":{"start":{"line":87,"column":8},"end":{"line":87,"column":83}},"31":{"start":{"line":89,"column":8},"end":{"line":89,"column":3841}},"32":{"start":{"line":90,"column":12},"end":{"line":90,"column":46}},"33":{"start":{"line":92,"column":8},"end":{"line":92,"column":43}},"34":{"start":{"line":98,"column":8},"end":{"line":98,"column":42}},"35":{"start":{"line":99,"column":8},"end":{"line":99,"column":55}},"36":{"start":{"line":100,"column":8},"end":{"line":100,"column":47}},"37":{"start":{"line":101,"column":8},"end":{"line":101,"column":62}},"38":{"start":{"line":103,"column":8},"end":{"line":103,"column":135}},"39":{"start":{"line":104,"column":8},"end":{"line":104,"column":54}},"40":{"start":{"line":105,"column":8},"end":{"line":105,"column":37}},"41":{"start":{"line":106,"column":8},"end":{"line":106,"column":46}},"42":{"start":{"line":107,"column":8},"end":{"line":107,"column":44}},"43":{"start":{"line":108,"column":8},"end":{"line":108,"column":37}},"44":{"start":{"line":109,"column":8},"end":{"line":109,"column":68}},"45":{"start":{"line":111,"column":8},"end":{"line":111,"column":64}}},"branchMap":{"1":{"line":45,"type":"if","locations":[{"start":{"line":45,"column":8},"end":{"line":45,"column":8}},{"start":{"line":45,"column":8},"end":{"line":45,"column":8}}]},"2":{"line":46,"type":"if","locations":[{"start":{"line":46,"column":8},"end":{"line":46,"column":8}},{"start":{"line":46,"column":8},"end":{"line":46,"column":8}}]},"3":{"line":58,"type":"if","locations":[{"start":{"line":58,"column":8},"end":{"line":58,"column":8}},{"start":{"line":58,"column":8},"end":{"line":58,"column":8}}]},"4":{"line":63,"type":"if","locations":[{"start":{"line":63,"column":8},"end":{"line":63,"column":8}},{"start":{"line":63,"column":8},"end":{"line":63,"column":8}}]},"5":{"line":66,"type":"if","locations":[{"start":{"line":66,"column":8},"end":{"line":66,"column":8}},{"start":{"line":66,"column":8},"end":{"line":66,"column":8}}]},"6":{"line":73,"type":"if","locations":[{"start":{"line":73,"column":8},"end":{"line":73,"column":8}},{"start":{"line":73,"column":8},"end":{"line":73,"column":8}}]},"7":{"line":74,"type":"if","locations":[{"start":{"line":74,"column":8},"end":{"line":74,"column":8}},{"start":{"line":74,"column":8},"end":{"line":74,"column":8}}]},"8":{"line":75,"type":"if","locations":[{"start":{"line":75,"column":8},"end":{"line":75,"column":8}},{"start":{"line":75,"column":8},"end":{"line":75,"column":8}}]},"9":{"line":76,"type":"if","locations":[{"start":{"line":76,"column":8},"end":{"line":76,"column":8}},{"start":{"line":76,"column":8},"end":{"line":76,"column":8}}]},"10":{"line":77,"type":"if","locations":[{"start":{"line":77,"column":8},"end":{"line":77,"column":8}},{"start":{"line":77,"column":8},"end":{"line":77,"column":8}}]},"11":{"line":78,"type":"if","locations":[{"start":{"line":78,"column":8},"end":{"line":78,"column":8}},{"start":{"line":78,"column":8},"end":{"line":78,"column":8}}]},"12":{"line":79,"type":"if","locations":[{"start":{"line":79,"column":8},"end":{"line":79,"column":8}},{"start":{"line":79,"column":8},"end":{"line":79,"column":8}}]},"13":{"line":89,"type":"if","locations":[{"start":{"line":89,"column":8},"end":{"line":89,"column":8}},{"start":{"line":89,"column":8},"end":{"line":89,"column":8}}]},"14":{"line":99,"type":"if","locations":[{"start":{"line":99,"column":8},"end":{"line":99,"column":8}},{"start":{"line":99,"column":8},"end":{"line":99,"column":8}}]},"15":{"line":100,"type":"if","locations":[{"start":{"line":100,"column":8},"end":{"line":100,"column":8}},{"start":{"line":100,"column":8},"end":{"line":100,"column":8}}]},"16":{"line":101,"type":"if","locations":[{"start":{"line":101,"column":8},"end":{"line":101,"column":8}},{"start":{"line":101,"column":8},"end":{"line":101,"column":8}}]},"17":{"line":103,"type":"if","locations":[{"start":{"line":103,"column":8},"end":{"line":103,"column":8}},{"start":{"line":103,"column":8},"end":{"line":103,"column":8}}]}}}}